07-28-2020 12:15   : SYNC images:
07-28-2020 12:15   : SYNC logs:
07-28-2020 12:15   : sending incremental file list
07-28-2020 12:15   : sending incremental file list
07-28-2020 12:15   : gb_logs/air_pump_control..1log.gz
07-28-2020 12:15   : gb_logs/air_pump_control.log
07-28-2020 12:15   : gb_logs/cron..1log.gz
07-28-2020 12:15   : 
07-28-2020 12:15   : gb_logs/cron.log
07-28-2020 12:15   : sent 1.20K bytes  received 16 bytes  487.60 bytes/sec
07-28-2020 12:15   : gb_logs/data_save..1log.gz
07-28-2020 12:15   : total size is 39.66M  speedup is 32,538.91
07-28-2020 12:15   : gb_logs/data_save.log
07-28-2020 12:15   : gb_logs/image_capture..1log.gz
07-28-2020 12:15   : SYNC CSV:
07-28-2020 12:15   : gb_logs/image_capture.log
07-28-2020 12:15   : gb_logs/logging_test..1log.gz
07-28-2020 12:15   : gb_logs/logging_test.log
07-28-2020 12:15   : gb_logs/meters_data_save..1log.gz
07-28-2020 12:15   : gb_logs/meters_data_save.log
07-28-2020 12:15   : gb_logs/temperature_control..1log.gz
07-28-2020 12:15   : gb_logs/temperature_control.log
07-28-2020 12:15   : 
07-28-2020 12:15   : sent 152.33K bytes  received 11.21K bytes  29.73K bytes/sec
07-28-2020 12:15   : total size is 417.96K  speedup is 2.56
07-28-2020 12:15   : sending incremental file list
07-28-2020 12:15   : 
07-28-2020 12:15   : sent 84 bytes  received 16 bytes  22.22 bytes/sec
07-28-2020 12:15   : total size is 19.73K  speedup is 197.26
07-28-2020 12:20   : SYNC current data:
