06-23-2020 01:09   : init data save
06-23-2020 10:09   : Getting sensors readings...
06-23-2020 10:09   : SGP30 SERIAL: [0, 0, 129, 1, 21, 195, 53, 41, 74]
06-23-2020 10:09   : SGP30 SERIAL: [0, 0, 129, 1, 21, 195, 53, 41, 74]
06-23-2020 10:10   : VOC: 0.0 :: CO2: 413.1 
06-23-2020 10:10   : Humidity: 69.0 :: Temperature: 21.0 
06-23-2020 10:14   : Water temperature: 20.12 
06-23-2020 10:14   : Writing data to CSV...
06-23-2020 10:14   : Data saving done.
06-23-2020 11:14   : Getting sensors readings...
06-23-2020 11:14   : SGP30 SERIAL: [0, 0, 129, 1, 21, 195, 53, 41, 74]
06-23-2020 11:15   : SGP30 SERIAL: [0, 0, 129, 1, 21, 195, 53, 41, 74]
06-23-2020 11:15   : VOC: 1.0 :: CO2: 408.0 
06-23-2020 11:16   : Humidity: 66.0 :: Temperature: 22.0 
06-23-2020 11:19   : Water temperature: 20.06 
06-23-2020 11:19   : Writing data to CSV...
06-23-2020 11:19   : Data saving done.
06-23-2020 12:19   : Getting sensors readings...
06-23-2020 12:19   : SGP30 SERIAL: [0, 0, 129, 1, 21, 195, 53, 41, 74]
06-23-2020 16:18   : init data save
06-23-2020 16:18   : Getting sensors readings...
06-23-2020 16:18   : SGP30 SERIAL: [0, 0, 129, 1, 21, 195, 53, 41, 74]
06-23-2020 16:19   : SGP30 SERIAL: [0, 0, 129, 1, 21, 195, 53, 41, 74]
06-23-2020 16:20   : SGP30 SERIAL: [0, 0, 129, 1, 21, 195, 53, 41, 74]
06-23-2020 16:20   : VOC: 2.4 :: CO2: 403.0 
06-23-2020 16:21   : Humidity: 73.6666666667 :: Temperature: 20.0 
06-23-2020 17:33   : Water temperature: 19.94 
06-23-2020 17:33   : Writing data to CSV...
06-23-2020 17:33   : Data saving done.
06-23-2020 18:33   : Getting sensors readings...
06-23-2020 18:33   : SGP30 SERIAL: [0, 0, 129, 1, 21, 195, 53, 41, 74]
06-23-2020 18:34   : SGP30 SERIAL: [0, 0, 129, 1, 21, 195, 53, 41, 74]
06-23-2020 18:34   : VOC: 0.1 :: CO2: 407.9 
06-23-2020 18:35   : Humidity: 64.6666666667 :: Temperature: 22.0 
06-23-2020 18:39   : Water temperature: 20.00 
06-23-2020 18:39   : Writing data to CSV...
06-23-2020 18:39   : Data saving done.
06-23-2020 19:39   : Getting sensors readings...
06-23-2020 19:39   : SGP30 SERIAL: [0, 0, 129, 1, 21, 195, 53, 41, 74]
06-23-2020 19:39   : SGP30 SERIAL: [0, 0, 129, 1, 21, 195, 53, 41, 74]
06-23-2020 19:40   : VOC: 0.1 :: CO2: 406.0 
06-23-2020 19:41   : Humidity: 62.6666666667 :: Temperature: 22.0 
06-23-2020 19:44   : Water temperature: 20.06 
06-23-2020 19:44   : Writing data to CSV...
06-23-2020 19:44   : Data saving done.
06-23-2020 20:44   : Getting sensors readings...
06-23-2020 20:44   : SGP30 SERIAL: [0, 0, 129, 1, 21, 195, 53, 41, 74]
06-23-2020 20:44   : SGP30 SERIAL: [0, 0, 129, 1, 21, 195, 53, 41, 74]
06-23-2020 20:45   : VOC: 2.2 :: CO2: 406.6 
06-23-2020 20:45   : Humidity: 64.0 :: Temperature: 22.0 
06-23-2020 20:49   : Water temperature: 20.12 
06-23-2020 20:49   : Writing data to CSV...
06-23-2020 20:49   : Data saving done.
06-23-2020 21:49   : Getting sensors readings...
06-23-2020 21:49   : SGP30 SERIAL: [0, 0, 129, 1, 21, 195, 53, 41, 74]
06-24-2020 01:08   : init data save
06-24-2020 10:08   : Getting sensors readings...
06-24-2020 10:08   : SGP30 SERIAL: [0, 0, 129, 1, 21, 195, 53, 41, 74]
06-24-2020 10:08   : SGP30 SERIAL: [0, 0, 129, 1, 21, 195, 53, 41, 74]
06-24-2020 10:09   : SGP30 SERIAL: [0, 0, 129, 1, 21, 195, 53, 41, 74]
06-24-2020 10:10   : SGP30 SERIAL: [0, 0, 129, 1, 21, 195, 53, 41, 74]
06-24-2020 10:10   : SGP30 SERIAL: [0, 0, 129, 1, 21, 195, 53, 41, 74]
06-24-2020 10:11   : VOC: 0.4 :: CO2: 404.5 
06-24-2020 10:11   : Humidity: 66.6666666667 :: Temperature: 22.0 
06-24-2020 11:08   : Water temperature: 20.56 
06-24-2020 11:08   : Writing data to CSV...
06-24-2020 11:08   : Data saving done.
06-24-2020 12:08   : Getting sensors readings...
06-24-2020 12:08   : SGP30 SERIAL: [0, 0, 129, 1, 21, 195, 53, 41, 74]
06-24-2020 12:09   : SGP30 SERIAL: [0, 0, 129, 1, 21, 195, 53, 41, 74]
06-24-2020 12:09   : VOC: 1.0 :: CO2: 408.1 
06-24-2020 12:10   : Humidity: 71.0 :: Temperature: 21.0 
06-24-2020 14:04   : Water temperature: 20.37 
06-24-2020 14:04   : Writing data to CSV...
06-24-2020 14:04   : Data saving done.
06-24-2020 15:04   : Getting sensors readings...
06-24-2020 15:04   : SGP30 SERIAL: [0, 0, 129, 1, 21, 195, 53, 41, 74]
06-24-2020 15:04   : SGP30 SERIAL: [0, 0, 129, 1, 21, 195, 53, 41, 74]
06-24-2020 15:05   : VOC: 0.4 :: CO2: 406.0 
06-24-2020 15:05   : Humidity: 66.0 :: Temperature: 21.0 
06-24-2020 15:16   : Water temperature: 20.31 
06-24-2020 15:16   : Writing data to CSV...
06-24-2020 15:16   : Data saving done.
06-24-2020 16:16   : Getting sensors readings...
06-24-2020 16:16   : SGP30 SERIAL: [0, 0, 129, 1, 21, 195, 53, 41, 74]
06-24-2020 16:17   : SGP30 SERIAL: [0, 0, 129, 1, 21, 195, 53, 41, 74]
06-24-2020 16:17   : VOC: 0.3 :: CO2: 420.2 
06-24-2020 16:18   : Humidity: 66.0 :: Temperature: 22.0 
06-24-2020 16:23   : Water temperature: 20.25 
06-24-2020 16:23   : Writing data to CSV...
06-24-2020 16:23   : Data saving done.
06-24-2020 17:23   : Getting sensors readings...
06-24-2020 17:23   : SGP30 SERIAL: [0, 0, 129, 1, 21, 195, 53, 41, 74]
06-24-2020 17:23   : SGP30 SERIAL: [0, 0, 129, 1, 21, 195, 53, 41, 74]
06-24-2020 17:24   : VOC: 0.3 :: CO2: 410.0 
06-24-2020 17:25   : Humidity: nan :: Temperature: nan 
06-24-2020 17:28   : Water temperature: 20.25 
06-24-2020 17:28   : Writing data to CSV...
06-24-2020 17:28   : Data saving done.
06-24-2020 18:28   : Getting sensors readings...
06-24-2020 18:28   : SGP30 SERIAL: [0, 0, 129, 1, 21, 195, 53, 41, 74]
06-24-2020 18:29   : SGP30 SERIAL: [0, 0, 129, 1, 21, 195, 53, 41, 74]
06-24-2020 18:30   : VOC: 0.3 :: CO2: 408.0 
06-24-2020 18:30   : Humidity: 63.3333333333 :: Temperature: 22.0 
06-24-2020 20:49   : Water temperature: 20.37 
06-24-2020 20:49   : Writing data to CSV...
06-24-2020 20:49   : Data saving done.
06-24-2020 21:49   : Getting sensors readings...
06-24-2020 21:49   : SGP30 SERIAL: [0, 0, 129, 1, 21, 195, 53, 41, 74]
06-24-2020 21:49   : SGP30 SERIAL: [0, 0, 129, 1, 21, 195, 53, 41, 74]
06-24-2020 21:50   : VOC: 1.6 :: CO2: 409.6 
06-24-2020 21:50   : Humidity: 64.0 :: Temperature: 22.0 
06-24-2020 22:08   : Water temperature: 20.44 
06-24-2020 22:08   : Writing data to CSV...
06-24-2020 22:08   : Data saving done.
06-25-2020 01:08   : init data save
06-25-2020 10:01   : init data save
06-25-2020 10:01   : Getting sensors readings...
06-25-2020 10:01   : SGP30 SERIAL: [0, 0, 129, 1, 21, 195, 53, 41, 74]
06-25-2020 10:01   : SGP30 SERIAL: [0, 0, 129, 1, 21, 195, 53, 41, 74]
06-25-2020 10:02   : VOC: 0.2 :: CO2: 409.7 
06-25-2020 10:02   : Humidity: 62.3333333333 :: Temperature: 23.0 
06-25-2020 10:06   : Water temperature: 20.62 
06-25-2020 10:06   : Writing data to CSV...
06-25-2020 10:06   : Data saving done.
06-25-2020 11:06   : Getting sensors readings...
06-25-2020 11:06   : SGP30 SERIAL: [0, 0, 129, 1, 21, 195, 53, 41, 74]
06-25-2020 11:06   : SGP30 SERIAL: [0, 0, 129, 1, 21, 195, 53, 41, 74]
06-25-2020 11:07   : VOC: 0.2 :: CO2: 406.9 
06-25-2020 11:07   : Humidity: 69.0 :: Temperature: 21.0 
06-25-2020 11:16   : Water temperature: 20.50 
06-25-2020 11:16   : Writing data to CSV...
06-25-2020 11:16   : Data saving done.
06-25-2020 12:16   : Getting sensors readings...
06-25-2020 12:16   : SGP30 SERIAL: [0, 0, 129, 1, 21, 195, 53, 41, 74]
06-25-2020 12:16   : SGP30 SERIAL: [0, 0, 129, 1, 21, 195, 53, 41, 74]
06-25-2020 12:17   : VOC: 2.0 :: CO2: 409.0 
06-25-2020 12:18   : Humidity: 70.0 :: Temperature: 21.0 
06-25-2020 12:21   : Water temperature: 20.44 
06-25-2020 12:21   : Writing data to CSV...
06-25-2020 12:21   : Data saving done.
06-25-2020 13:21   : Getting sensors readings...
06-25-2020 13:21   : SGP30 SERIAL: [0, 0, 129, 1, 21, 195, 53, 41, 74]
06-25-2020 13:22   : SGP30 SERIAL: [0, 0, 129, 1, 21, 195, 53, 41, 74]
06-25-2020 13:22   : VOC: 1.9 :: CO2: 411.4 
06-25-2020 13:23   : Humidity: 68.6666666667 :: Temperature: 21.3333333333 
06-25-2020 13:26   : Water temperature: 20.37 
06-25-2020 13:26   : Writing data to CSV...
06-25-2020 13:26   : Data saving done.
06-25-2020 14:26   : Getting sensors readings...
06-25-2020 14:26   : SGP30 SERIAL: [0, 0, 129, 1, 21, 195, 53, 41, 74]
06-25-2020 14:27   : SGP30 SERIAL: [0, 0, 129, 1, 21, 195, 53, 41, 74]
06-25-2020 14:27   : VOC: 0.4 :: CO2: 410.0 
06-25-2020 14:27   : Humidity: 67.0 :: Temperature: 21.3333333333 
06-25-2020 15:01   : Water temperature: 20.31 
06-25-2020 15:01   : Writing data to CSV...
06-25-2020 15:01   : Data saving done.
06-25-2020 16:01   : Getting sensors readings...
06-25-2020 16:01   : SGP30 SERIAL: [0, 0, 129, 1, 21, 195, 53, 41, 74]
06-25-2020 16:02   : SGP30 SERIAL: [0, 0, 129, 1, 21, 195, 53, 41, 74]
06-25-2020 16:02   : VOC: 0.4 :: CO2: 408.2 
06-25-2020 16:02   : Humidity: 65.3333333333 :: Temperature: 21.6666666667 
06-25-2020 16:19   : Water temperature: 20.31 
06-25-2020 16:19   : Writing data to CSV...
06-25-2020 16:19   : Data saving done.
06-25-2020 17:19   : Getting sensors readings...
06-25-2020 17:19   : SGP30 SERIAL: [0, 0, 129, 1, 21, 195, 53, 41, 74]
06-25-2020 17:20   : SGP30 SERIAL: [0, 0, 129, 1, 21, 195, 53, 41, 74]
06-25-2020 17:20   : VOC: 0.4 :: CO2: 407.7 
06-25-2020 17:21   : Humidity: 69.0 :: Temperature: 21.0 
06-25-2020 17:51   : Water temperature: 20.25 
06-25-2020 17:51   : Writing data to CSV...
06-25-2020 17:51   : Data saving done.
06-25-2020 18:51   : Getting sensors readings...
06-25-2020 18:51   : SGP30 SERIAL: [0, 0, 129, 1, 21, 195, 53, 41, 74]
06-25-2020 18:52   : SGP30 SERIAL: [0, 0, 129, 1, 21, 195, 53, 41, 74]
06-25-2020 18:52   : VOC: 1.7 :: CO2: 408.1 
06-25-2020 18:53   : Humidity: 64.0 :: Temperature: 22.0 
06-25-2020 18:56   : Water temperature: 20.31 
06-25-2020 18:56   : Writing data to CSV...
06-25-2020 18:56   : Data saving done.
06-25-2020 19:56   : Getting sensors readings...
06-25-2020 19:56   : SGP30 SERIAL: [0, 0, 129, 1, 21, 195, 53, 41, 74]
06-25-2020 19:57   : SGP30 SERIAL: [0, 0, 129, 1, 21, 195, 53, 41, 74]
06-25-2020 19:58   : VOC: 0.2 :: CO2: 414.5 
06-25-2020 19:58   : Humidity: 63.0 :: Temperature: 22.0 
06-25-2020 20:16   : Water temperature: 20.44 
06-25-2020 20:16   : Writing data to CSV...
06-25-2020 20:16   : Data saving done.
06-25-2020 21:16   : Getting sensors readings...
06-25-2020 21:16   : SGP30 SERIAL: [0, 0, 129, 1, 21, 195, 53, 41, 74]
06-25-2020 21:17   : SGP30 SERIAL: [0, 0, 129, 1, 21, 195, 53, 41, 74]
06-25-2020 21:17   : VOC: 0.7 :: CO2: 407.2 
06-25-2020 21:18   : Humidity: 44.3333333333 :: Temperature: 22.0 
06-25-2020 21:21   : Water temperature: 20.50 
06-25-2020 21:21   : Writing data to CSV...
06-25-2020 21:21   : Data saving done.
06-25-2020 22:21   : Getting sensors readings...
06-25-2020 22:21   : SGP30 SERIAL: [0, 0, 129, 1, 21, 195, 53, 41, 74]
06-25-2020 22:22   : SGP30 SERIAL: [0, 0, 129, 1, 21, 195, 53, 41, 74]
06-25-2020 22:23   : VOC: 0.6 :: CO2: 407.0 
06-25-2020 22:23   : Humidity: 65.0 :: Temperature: 22.0 
06-25-2020 23:21   : Water temperature: 20.56 
06-25-2020 23:21   : Writing data to CSV...
06-25-2020 23:21   : Data saving done.
06-26-2020 01:08   : init data save
06-26-2020 10:08   : Getting sensors readings...
06-26-2020 10:08   : SGP30 SERIAL: [0, 0, 129, 1, 21, 195, 53, 41, 74]
06-26-2020 10:08   : SGP30 SERIAL: [0, 0, 129, 1, 21, 195, 53, 41, 74]
06-26-2020 10:09   : VOC: 1.2 :: CO2: 408.0 
06-26-2020 10:10   : Humidity: 69.0 :: Temperature: 22.0 
