06-23-2020 00:52   : T: 18.94 :: pH: 6.39 :: EC: -1.00 
06-23-2020 00:52   : Writing pH value: 6.39
06-23-2020 00:53   : Waiting for meters readings...
06-23-2020 01:09   : init meters data save
06-23-2020 01:09   : Waiting for meters readings...
06-23-2020 03:14   : T: 19.44 :: pH: 6.37 :: EC: -1.00 
06-23-2020 03:14   : Waiting for meters readings...
06-23-2020 08:09   : T: 20.00 :: pH: 6.53 :: EC: -1.00 
06-23-2020 08:10   : Waiting for meters readings...
06-23-2020 08:54   : T: 20.06 :: pH: 6.48 :: EC: -1.00 
06-23-2020 08:55   : Waiting for meters readings...
06-23-2020 09:12   : T: 20.12 :: pH: 7.32 :: EC: -1.00 
06-23-2020 09:13   : Waiting for meters readings...
06-23-2020 09:13   : T: 20.12 :: pH: -1.00 :: EC: 0.40 
06-23-2020 09:13   : Writing EC value: 0.4
06-23-2020 09:14   : Waiting for meters readings...
06-23-2020 11:09   : T: 20.12 :: pH: 7.02 :: EC: -1.00 
06-23-2020 11:09   : Writing pH value: 7.02
06-23-2020 11:09   : Waiting for meters readings...
06-23-2020 12:39   : T: 20.06 :: pH: 6.77 :: EC: -1.00 
06-23-2020 12:39   : Writing pH value: 6.77
06-23-2020 12:39   : Waiting for meters readings...
